18:57:09.634 [main] INFO  utility.Base - Inititate chrome browser
18:59:56.119 [main] INFO  utility.Base - Inititate chrome browser
19:00:19.253 [main] INFO  utility.Base - Initiated chrome browser
19:00:21.505 [main] INFO  utility.Base - Browser has been maximized
19:00:54.740 [main] INFO  utility.Base - Homepage | LennoxPROs.com
19:05:45.121 [main] INFO  utility.Base - Inititate chrome browser
19:05:59.275 [main] INFO  utility.Base - Initiated chrome browser
19:06:01.623 [main] INFO  utility.Base - Browser has been maximized
19:06:15.292 [main] INFO  utility.Base - Homepage | LennoxPROs.com
19:07:14.382 [main] INFO  utility.Base - Inititate chrome browser
19:07:26.151 [main] INFO  utility.Base - Initiated chrome browser
19:07:28.632 [main] INFO  utility.Base - Browser has been maximized
19:07:45.987 [main] INFO  utility.Base - Homepage | LennoxPROs.com
19:12:57.018 [main] INFO  utility.Base - Inititate chrome browser
19:13:12.307 [main] INFO  utility.Base - Initiated chrome browser
19:13:14.596 [main] INFO  utility.Base - Browser has been maximized
19:13:25.200 [main] INFO  utility.Base - Homepage | LennoxPROs.com
19:46:25.608 [main] INFO  utility.Base - Inititate chrome browser
19:46:46.380 [main] INFO  utility.Base - Initiated chrome browser
19:46:49.058 [main] INFO  utility.Base - Browser has been maximized
19:47:16.401 [main] INFO  utility.Base - Homepage | LennoxPROs.com
19:53:20.756 [main] INFO  utility.Base - Inititate chrome browser
19:53:26.983 [main] INFO  utility.Base - Initiated chrome browser
19:53:29.163 [main] INFO  utility.Base - Browser has been maximized
19:53:46.414 [main] INFO  utility.Base - Homepage | LennoxPROs.com
19:58:30.666 [main] INFO  utility.Base - Inititate chrome browser
19:58:38.658 [main] INFO  utility.Base - Initiated chrome browser
19:58:40.829 [main] INFO  utility.Base - Browser has been maximized
19:58:59.969 [main] INFO  utility.Base - Homepage | LennoxPROs.com
20:05:48.018 [main] INFO  utility.Base - Inititate chrome browser
20:05:55.206 [main] INFO  utility.Base - Initiated chrome browser
20:05:57.478 [main] INFO  utility.Base - Browser has been maximized
20:06:15.807 [main] INFO  utility.Base - Homepage | LennoxPROs.com
20:07:16.023 [main] INFO  utility.Base - Inititate chrome browser
20:07:23.257 [main] INFO  utility.Base - Initiated chrome browser
20:07:25.443 [main] INFO  utility.Base - Browser has been maximized
20:07:39.364 [main] INFO  utility.Base - Homepage | LennoxPROs.com
20:52:30.045 [main] INFO  utility.Base - Inititate chrome browser
20:52:42.013 [main] INFO  utility.Base - Initiated chrome browser
20:52:44.293 [main] INFO  utility.Base - Browser has been maximized
20:53:00.831 [main] INFO  utility.Base - Homepage | LennoxPROs.com
20:55:46.590 [main] INFO  utility.Base - Inititate chrome browser
20:55:57.245 [main] INFO  utility.Base - Initiated chrome browser
20:55:59.484 [main] INFO  utility.Base - Browser has been maximized
20:56:19.108 [main] INFO  utility.Base - Homepage | LennoxPROs.com
21:06:14.017 [main] INFO  utility.Base - Inititate chrome browser
21:06:20.775 [main] INFO  utility.Base - Initiated chrome browser
21:06:22.953 [main] INFO  utility.Base - Browser has been maximized
21:06:36.632 [main] INFO  utility.Base - Homepage | LennoxPROs.com
21:17:57.317 [main] INFO  utility.Base - Inititate chrome browser
21:18:06.222 [main] INFO  utility.Base - Initiated chrome browser
21:18:08.432 [main] INFO  utility.Base - Browser has been maximized
21:18:25.444 [main] INFO  utility.Base - Homepage | LennoxPROs.com
22:37:13.211 [main] INFO  utility.Base - Inititate chrome browser
22:38:01.676 [main] INFO  utility.Base - Initiated chrome browser
22:38:03.984 [main] INFO  utility.Base - Browser has been maximized
22:38:30.859 [main] INFO  utility.Base - Homepage | LennoxPROs.com
22:57:24.269 [main] INFO  utility.Base - Inititate chrome browser
22:57:40.493 [main] INFO  utility.Base - Initiated chrome browser
22:57:42.726 [main] INFO  utility.Base - Browser has been maximized
22:58:05.332 [main] INFO  utility.Base - Homepage | LennoxPROs.com
23:07:44.534 [main] INFO  utility.Base - Inititate chrome browser
23:07:51.951 [main] INFO  utility.Base - Initiated chrome browser
23:07:54.143 [main] INFO  utility.Base - Browser has been maximized
23:08:14.524 [main] INFO  utility.Base - Homepage | LennoxPROs.com
23:21:49.548 [main] INFO  utility.Base - Inititate chrome browser
23:22:02.488 [main] INFO  utility.Base - Initiated chrome browser
23:22:05.390 [main] INFO  utility.Base - Browser has been maximized
23:22:32.818 [main] INFO  utility.Base - Homepage | LennoxPROs.com
23:24:51.245 [main] INFO  utility.Base - Inititate chrome browser
23:24:57.976 [main] INFO  utility.Base - Initiated chrome browser
23:25:00.160 [main] INFO  utility.Base - Browser has been maximized
23:25:18.885 [main] INFO  utility.Base - Homepage | LennoxPROs.com
23:29:29.464 [main] INFO  utility.Base - Inititate chrome browser
23:29:36.692 [main] INFO  utility.Base - Initiated chrome browser
23:29:38.859 [main] INFO  utility.Base - Browser has been maximized
23:30:01.533 [main] INFO  utility.Base - Homepage | LennoxPROs.com
23:35:08.648 [main] INFO  utility.Base - Inititate chrome browser
23:35:16.110 [main] INFO  utility.Base - Initiated chrome browser
23:35:18.291 [main] INFO  utility.Base - Browser has been maximized
23:36:50.210 [main] INFO  utility.Base - Inititate chrome browser
23:36:55.979 [main] INFO  utility.Base - Initiated chrome browser
23:36:58.281 [main] INFO  utility.Base - Browser has been maximized
23:37:48.090 [main] INFO  utility.Base - Homepage | LennoxPROs.com
23:38:37.533 [main] INFO  utility.Base - Inititate chrome browser
23:38:43.580 [main] INFO  utility.Base - Initiated chrome browser
23:38:45.763 [main] INFO  utility.Base - Browser has been maximized
23:39:08.883 [main] INFO  utility.Base - Homepage | LennoxPROs.com
23:41:53.645 [main] INFO  utility.Base - Inititate chrome browser
23:42:00.230 [main] INFO  utility.Base - Initiated chrome browser
23:42:02.407 [main] INFO  utility.Base - Browser has been maximized
23:42:21.911 [main] INFO  utility.Base - Homepage | LennoxPROs.com
23:45:45.558 [main] INFO  utility.Base - Inititate chrome browser
23:45:52.586 [main] INFO  utility.Base - Initiated chrome browser
23:45:54.772 [main] INFO  utility.Base - Browser has been maximized
23:46:18.613 [main] INFO  utility.Base - Homepage | LennoxPROs.com
23:49:47.638 [main] INFO  utility.Base - Inititate chrome browser
23:50:10.527 [main] INFO  utility.Base - Inititate chrome browser
23:50:16.137 [main] INFO  utility.Base - Initiated chrome browser
23:50:18.320 [main] INFO  utility.Base - Browser has been maximized
23:50:38.437 [main] INFO  utility.Base - Homepage | LennoxPROs.com
23:53:02.173 [main] INFO  utility.Base - Inititate chrome browser
23:53:09.031 [main] INFO  utility.Base - Initiated chrome browser
23:53:11.216 [main] INFO  utility.Base - Browser has been maximized
23:53:30.698 [main] INFO  utility.Base - Homepage | LennoxPROs.com
07:36:25.062 [main] INFO  utility.Base - Inititate chrome browser
07:36:35.864 [main] INFO  utility.Base - Initiated chrome browser
07:36:38.786 [main] INFO  utility.Base - Browser has been maximized
07:36:51.711 [main] INFO  utility.Base - Homepage | LennoxPROs.com
07:47:11.988 [main] INFO  utility.Base - Inititate chrome browser
07:47:20.462 [main] INFO  utility.Base - Initiated chrome browser
07:47:22.840 [main] INFO  utility.Base - Browser has been maximized
07:47:34.195 [main] INFO  utility.Base - Homepage | LennoxPROs.com
07:50:09.733 [main] INFO  utility.Base - Inititate chrome browser
07:50:16.622 [main] INFO  utility.Base - Initiated chrome browser
07:50:18.805 [main] INFO  utility.Base - Browser has been maximized
07:50:29.268 [main] INFO  utility.Base - Homepage | LennoxPROs.com
07:52:26.474 [main] INFO  utility.Base - Inititate chrome browser
07:52:32.719 [main] INFO  utility.Base - Initiated chrome browser
07:52:34.895 [main] INFO  utility.Base - Browser has been maximized
07:52:45.710 [main] INFO  utility.Base - Homepage | LennoxPROs.com
07:56:10.184 [main] INFO  utility.Base - Inititate chrome browser
07:56:16.896 [main] INFO  utility.Base - Initiated chrome browser
07:56:19.091 [main] INFO  utility.Base - Browser has been maximized
07:56:29.411 [main] INFO  utility.Base - Homepage | LennoxPROs.com
08:00:01.312 [main] INFO  utility.Base - Inititate chrome browser
08:00:08.148 [main] INFO  utility.Base - Initiated chrome browser
08:00:10.343 [main] INFO  utility.Base - Browser has been maximized
08:00:21.523 [main] INFO  utility.Base - Homepage | LennoxPROs.com
08:15:25.470 [main] INFO  utility.Base - Inititate chrome browser
08:15:33.729 [main] INFO  utility.Base - Initiated chrome browser
08:15:35.950 [main] INFO  utility.Base - Browser has been maximized
08:15:49.294 [main] INFO  utility.Base - Homepage | LennoxPROs.com
11:33:31.797 [main] INFO  utility.Base - Inititate chrome browser
11:34:19.814 [main] INFO  utility.Base - Initiated chrome browser
11:34:22.168 [main] INFO  utility.Base - Browser has been maximized
11:34:44.276 [main] INFO  utility.Base - Homepage | LennoxPROs.com
11:39:52.442 [main] INFO  utility.Base - Inititate chrome browser
11:40:06.166 [main] INFO  utility.Base - Initiated chrome browser
11:40:08.591 [main] INFO  utility.Base - Browser has been maximized
11:40:22.459 [main] INFO  utility.Base - Homepage | LennoxPROs.com
11:42:27.940 [main] INFO  utility.Base - Inititate chrome browser
11:42:47.012 [main] INFO  utility.Base - Initiated chrome browser
11:42:49.197 [main] INFO  utility.Base - Browser has been maximized
11:43:03.704 [main] INFO  utility.Base - Homepage | LennoxPROs.com
11:46:54.910 [main] INFO  utility.Base - Inititate chrome browser
11:47:02.267 [main] INFO  utility.Base - Initiated chrome browser
11:47:04.449 [main] INFO  utility.Base - Browser has been maximized
11:47:16.513 [main] INFO  utility.Base - Homepage | LennoxPROs.com
13:32:18.793 [main] INFO  utility.Base - Inititate chrome browser
13:32:32.089 [main] INFO  utility.Base - Initiated chrome browser
13:32:34.440 [main] INFO  utility.Base - Browser has been maximized
13:32:47.994 [main] INFO  utility.Base - Homepage | LennoxPROs.com
13:41:34.384 [main] INFO  utility.Base - Inititate chrome browser
13:41:42.987 [main] INFO  utility.Base - Initiated chrome browser
13:41:45.212 [main] INFO  utility.Base - Browser has been maximized
13:41:56.460 [main] INFO  utility.Base - Homepage | LennoxPROs.com
13:45:02.700 [main] INFO  utility.Base - Inititate chrome browser
13:45:10.274 [main] INFO  utility.Base - Initiated chrome browser
13:45:12.509 [main] INFO  utility.Base - Browser has been maximized
13:45:25.014 [main] INFO  utility.Base - Homepage | LennoxPROs.com
13:56:29.133 [main] INFO  utility.Base - Inititate chrome browser
13:56:36.478 [main] INFO  utility.Base - Initiated chrome browser
13:56:38.674 [main] INFO  utility.Base - Browser has been maximized
13:56:51.633 [main] INFO  utility.Base - Homepage | LennoxPROs.com
13:59:15.062 [main] INFO  utility.Base - Inititate chrome browser
13:59:22.522 [main] INFO  utility.Base - Initiated chrome browser
13:59:24.708 [main] INFO  utility.Base - Browser has been maximized
13:59:36.372 [main] INFO  utility.Base - Homepage | LennoxPROs.com
14:01:44.084 [main] INFO  utility.Base - Inititate chrome browser
14:01:51.338 [main] INFO  utility.Base - Initiated chrome browser
14:01:53.529 [main] INFO  utility.Base - Browser has been maximized
14:02:06.800 [main] INFO  utility.Base - Homepage | LennoxPROs.com
14:05:44.586 [main] INFO  utility.Base - Inititate chrome browser
14:05:54.875 [main] INFO  utility.Base - Initiated chrome browser
14:05:57.375 [main] INFO  utility.Base - Browser has been maximized
14:06:09.250 [main] INFO  utility.Base - Homepage | LennoxPROs.com
14:08:16.934 [main] INFO  utility.Base - Inititate chrome browser
14:08:23.886 [main] INFO  utility.Base - Initiated chrome browser
14:08:26.072 [main] INFO  utility.Base - Browser has been maximized
14:08:36.655 [main] INFO  utility.Base - Homepage | LennoxPROs.com
14:10:13.317 [main] INFO  utility.Base - Inititate chrome browser
14:10:20.986 [main] INFO  utility.Base - Initiated chrome browser
14:10:23.171 [main] INFO  utility.Base - Browser has been maximized
14:10:33.531 [main] INFO  utility.Base - Homepage | LennoxPROs.com
14:14:28.101 [main] INFO  utility.Base - Inititate chrome browser
14:14:34.684 [main] INFO  utility.Base - Initiated chrome browser
14:14:36.873 [main] INFO  utility.Base - Browser has been maximized
14:14:47.739 [main] INFO  utility.Base - Homepage | LennoxPROs.com
14:17:13.903 [main] INFO  utility.Base - Inititate chrome browser
14:17:21.038 [main] INFO  utility.Base - Initiated chrome browser
14:17:23.239 [main] INFO  utility.Base - Browser has been maximized
14:17:34.986 [main] INFO  utility.Base - Homepage | LennoxPROs.com
14:18:51.597 [main] INFO  utility.Base - Inititate chrome browser
14:19:02.040 [main] INFO  utility.Base - Initiated chrome browser
14:19:04.222 [main] INFO  utility.Base - Browser has been maximized
14:19:14.682 [main] INFO  utility.Base - Homepage | LennoxPROs.com
14:22:43.138 [main] INFO  utility.Base - Inititate chrome browser
14:22:49.939 [main] INFO  utility.Base - Initiated chrome browser
14:22:52.153 [main] INFO  utility.Base - Browser has been maximized
14:23:01.949 [main] INFO  utility.Base - Homepage | LennoxPROs.com
14:25:40.295 [main] INFO  utility.Base - Inititate chrome browser
14:25:48.689 [main] INFO  utility.Base - Initiated chrome browser
14:25:50.876 [main] INFO  utility.Base - Browser has been maximized
14:26:01.342 [main] INFO  utility.Base - Homepage | LennoxPROs.com
14:28:04.458 [main] INFO  utility.Base - Inititate chrome browser
14:28:11.021 [main] INFO  utility.Base - Initiated chrome browser
14:28:13.195 [main] INFO  utility.Base - Browser has been maximized
14:28:22.681 [main] INFO  utility.Base - Homepage | LennoxPROs.com
14:34:34.856 [main] INFO  utility.Base - Inititate chrome browser
14:34:48.476 [main] INFO  utility.Base - Initiated chrome browser
14:34:50.782 [main] INFO  utility.Base - Browser has been maximized
14:35:04.832 [main] INFO  utility.Base - Homepage | LennoxPROs.com
14:37:30.874 [main] INFO  utility.Base - Inititate chrome browser
14:37:38.408 [main] INFO  utility.Base - Initiated chrome browser
14:37:40.599 [main] INFO  utility.Base - Browser has been maximized
14:37:55.463 [main] INFO  utility.Base - Homepage | LennoxPROs.com
14:40:24.628 [main] INFO  utility.Base - Inititate chrome browser
14:40:31.469 [main] INFO  utility.Base - Initiated chrome browser
14:40:33.659 [main] INFO  utility.Base - Browser has been maximized
14:40:45.243 [main] INFO  utility.Base - Homepage | LennoxPROs.com
14:41:59.845 [main] INFO  utility.Base - Inititate chrome browser
14:42:09.140 [main] INFO  utility.Base - Initiated chrome browser
14:42:11.309 [main] INFO  utility.Base - Browser has been maximized
14:42:22.993 [main] INFO  utility.Base - Homepage | LennoxPROs.com
14:45:16.017 [main] INFO  utility.Base - Inititate chrome browser
14:45:22.947 [main] INFO  utility.Base - Initiated chrome browser
14:45:25.126 [main] INFO  utility.Base - Browser has been maximized
14:45:35.387 [main] INFO  utility.Base - Homepage | LennoxPROs.com
14:51:21.207 [main] INFO  utility.Base - Inititate chrome browser
14:51:28.101 [main] INFO  utility.Base - Initiated chrome browser
14:51:30.280 [main] INFO  utility.Base - Browser has been maximized
14:51:40.456 [main] INFO  utility.Base - Homepage | LennoxPROs.com
14:54:08.513 [main] INFO  utility.Base - Inititate chrome browser
14:54:17.936 [main] INFO  utility.Base - Initiated chrome browser
14:54:20.124 [main] INFO  utility.Base - Browser has been maximized
14:54:30.312 [main] INFO  utility.Base - Homepage | LennoxPROs.com
18:34:29.441 [main] INFO  utility.Base - Inititate chrome browser
18:35:34.915 [main] INFO  utility.Base - Initiated chrome browser
18:35:37.637 [main] INFO  utility.Base - Browser has been maximized
18:36:09.517 [main] INFO  utility.Base - Homepage | LennoxPROs.com
18:40:22.293 [main] INFO  utility.Base - Inititate chrome browser
18:40:30.782 [main] INFO  utility.Base - Initiated chrome browser
18:40:32.976 [main] INFO  utility.Base - Browser has been maximized
18:40:49.673 [main] INFO  utility.Base - Homepage | LennoxPROs.com
18:45:54.907 [main] INFO  utility.Base - Inititate chrome browser
18:46:13.376 [main] INFO  utility.Base - Initiated chrome browser
18:46:16.128 [main] INFO  utility.Base - Browser has been maximized
18:46:30.871 [main] INFO  utility.Base - Homepage | LennoxPROs.com
19:00:51.026 [main] INFO  utility.Base - Inititate chrome browser
19:01:03.386 [main] INFO  utility.Base - Initiated chrome browser
19:01:05.585 [main] INFO  utility.Base - Browser has been maximized
19:01:19.034 [main] INFO  utility.Base - Homepage | LennoxPROs.com
19:04:39.491 [main] INFO  utility.Base - Inititate chrome browser
19:04:47.338 [main] INFO  utility.Base - Initiated chrome browser
19:04:49.527 [main] INFO  utility.Base - Browser has been maximized
19:05:00.907 [main] INFO  utility.Base - Homepage | LennoxPROs.com
19:09:05.189 [main] INFO  utility.Base - Inititate chrome browser
19:09:12.013 [main] INFO  utility.Base - Initiated chrome browser
19:09:14.231 [main] INFO  utility.Base - Browser has been maximized
19:09:28.110 [main] INFO  utility.Base - Homepage | LennoxPROs.com
19:11:52.742 [main] INFO  utility.Base - Inititate chrome browser
19:12:00.798 [main] INFO  utility.Base - Initiated chrome browser
19:12:03.007 [main] INFO  utility.Base - Browser has been maximized
19:12:14.173 [main] INFO  utility.Base - Homepage | LennoxPROs.com
19:19:16.071 [main] INFO  utility.Base - Inititate chrome browser
19:19:22.734 [main] INFO  utility.Base - Initiated chrome browser
19:19:24.930 [main] INFO  utility.Base - Browser has been maximized
19:19:35.973 [main] INFO  utility.Base - Homepage | LennoxPROs.com
19:21:35.784 [main] INFO  utility.Base - Inititate chrome browser
19:21:42.539 [main] INFO  utility.Base - Initiated chrome browser
19:21:44.811 [main] INFO  utility.Base - Browser has been maximized
19:21:58.240 [main] INFO  utility.Base - Homepage | LennoxPROs.com
19:33:25.157 [main] INFO  utility.Base - Inititate chrome browser
19:33:31.945 [main] INFO  utility.Base - Initiated chrome browser
19:33:34.147 [main] INFO  utility.Base - Browser has been maximized
19:33:45.849 [main] INFO  utility.Base - Homepage | LennoxPROs.com
19:40:15.662 [main] INFO  utility.Base - Inititate chrome browser
19:40:22.593 [main] INFO  utility.Base - Initiated chrome browser
19:40:24.760 [main] INFO  utility.Base - Browser has been maximized
19:40:36.752 [main] INFO  utility.Base - Homepage | LennoxPROs.com
19:43:35.861 [main] INFO  utility.Base - Inititate chrome browser
19:43:42.812 [main] INFO  utility.Base - Initiated chrome browser
19:43:44.999 [main] INFO  utility.Base - Browser has been maximized
19:43:59.832 [main] INFO  utility.Base - Homepage | LennoxPROs.com
19:50:13.805 [main] INFO  utility.Base - Inititate chrome browser
19:50:20.604 [main] INFO  utility.Base - Initiated chrome browser
19:50:22.791 [main] INFO  utility.Base - Browser has been maximized
19:50:43.655 [main] INFO  utility.Base - Homepage | LennoxPROs.com
19:55:28.706 [main] INFO  utility.Base - Inititate chrome browser
19:55:35.332 [main] INFO  utility.Base - Initiated chrome browser
19:55:37.524 [main] INFO  utility.Base - Browser has been maximized
19:55:55.407 [main] INFO  utility.Base - Homepage | LennoxPROs.com
20:00:00.447 [main] INFO  utility.Base - Inititate chrome browser
20:00:07.622 [main] INFO  utility.Base - Initiated chrome browser
20:00:09.796 [main] INFO  utility.Base - Browser has been maximized
20:00:21.969 [main] INFO  utility.Base - Homepage | LennoxPROs.com
20:02:02.817 [main] INFO  utility.Base - Inititate chrome browser
20:02:10.271 [main] INFO  utility.Base - Initiated chrome browser
20:02:12.452 [main] INFO  utility.Base - Browser has been maximized
20:02:24.922 [main] INFO  utility.Base - Homepage | LennoxPROs.com
20:06:46.170 [main] INFO  utility.Base - Inititate chrome browser
20:06:52.606 [main] INFO  utility.Base - Initiated chrome browser
20:06:54.803 [main] INFO  utility.Base - Browser has been maximized
20:07:10.819 [main] INFO  utility.Base - Homepage | LennoxPROs.com
20:10:56.129 [main] INFO  utility.Base - Inititate chrome browser
20:11:03.005 [main] INFO  utility.Base - Initiated chrome browser
20:11:05.195 [main] INFO  utility.Base - Browser has been maximized
20:11:18.706 [main] INFO  utility.Base - Homepage | LennoxPROs.com
20:13:11.796 [main] INFO  utility.Base - Inititate chrome browser
20:13:18.692 [main] INFO  utility.Base - Initiated chrome browser
20:13:20.868 [main] INFO  utility.Base - Browser has been maximized
20:13:34.892 [main] INFO  utility.Base - Homepage | LennoxPROs.com
20:21:14.674 [main] INFO  utility.Base - Inititate chrome browser
20:21:21.622 [main] INFO  utility.Base - Initiated chrome browser
20:21:23.833 [main] INFO  utility.Base - Browser has been maximized
20:21:35.670 [main] INFO  utility.Base - Homepage | LennoxPROs.com
20:24:09.698 [main] INFO  utility.Base - Inititate chrome browser
20:24:16.209 [main] INFO  utility.Base - Initiated chrome browser
20:24:18.406 [main] INFO  utility.Base - Browser has been maximized
20:24:32.587 [main] INFO  utility.Base - Homepage | LennoxPROs.com
22:07:57.641 [main] INFO  utility.Base - Inititate chrome browser
22:08:03.919 [main] INFO  utility.Base - Initiated chrome browser
22:08:06.123 [main] INFO  utility.Base - Browser has been maximized
22:08:19.940 [main] INFO  utility.Base - Homepage | LennoxPROs.com
22:10:55.299 [main] INFO  utility.Base - Inititate chrome browser
22:11:02.476 [main] INFO  utility.Base - Initiated chrome browser
22:11:04.663 [main] INFO  utility.Base - Browser has been maximized
22:11:17.255 [main] INFO  utility.Base - Homepage | LennoxPROs.com
22:12:43.819 [main] INFO  utility.Base - Inititate chrome browser
22:12:50.647 [main] INFO  utility.Base - Initiated chrome browser
22:12:52.837 [main] INFO  utility.Base - Browser has been maximized
22:13:03.896 [main] INFO  utility.Base - Homepage | LennoxPROs.com
22:17:56.037 [main] INFO  utility.Base - Inititate chrome browser
22:18:02.002 [main] INFO  utility.Base - Initiated chrome browser
22:18:04.183 [main] INFO  utility.Base - Browser has been maximized
22:18:15.644 [main] INFO  utility.Base - Homepage | LennoxPROs.com
22:26:24.165 [main] INFO  utility.Base - Inititate chrome browser
22:26:30.385 [main] INFO  utility.Base - Initiated chrome browser
22:26:32.562 [main] INFO  utility.Base - Browser has been maximized
22:26:44.970 [main] INFO  utility.Base - Homepage | LennoxPROs.com
22:28:07.973 [main] INFO  utility.Base - Inititate chrome browser
22:28:14.997 [main] INFO  utility.Base - Initiated chrome browser
22:28:17.180 [main] INFO  utility.Base - Browser has been maximized
22:28:29.029 [main] INFO  utility.Base - Homepage | LennoxPROs.com
22:32:19.054 [main] INFO  utility.Base - Inititate chrome browser
22:32:31.659 [main] INFO  utility.Base - Initiated chrome browser
22:32:33.885 [main] INFO  utility.Base - Browser has been maximized
22:32:48.498 [main] INFO  utility.Base - Homepage | LennoxPROs.com
22:35:05.899 [main] INFO  utility.Base - Inititate chrome browser
22:35:12.386 [main] INFO  utility.Base - Initiated chrome browser
22:35:14.563 [main] INFO  utility.Base - Browser has been maximized
22:35:26.004 [main] INFO  utility.Base - Homepage | LennoxPROs.com
22:38:58.818 [main] INFO  utility.Base - Inititate chrome browser
22:39:04.493 [main] INFO  utility.Base - Initiated chrome browser
22:39:06.686 [main] INFO  utility.Base - Browser has been maximized
22:39:17.331 [main] INFO  utility.Base - Homepage | LennoxPROs.com
22:41:44.496 [main] INFO  utility.Base - Inititate chrome browser
22:41:50.707 [main] INFO  utility.Base - Initiated chrome browser
22:41:52.884 [main] INFO  utility.Base - Browser has been maximized
22:42:04.447 [main] INFO  utility.Base - Homepage | LennoxPROs.com
22:47:55.651 [main] INFO  utility.Base - Inititate chrome browser
22:48:06.406 [main] INFO  utility.Base - Initiated chrome browser
22:48:08.598 [main] INFO  utility.Base - Browser has been maximized
22:48:20.427 [main] INFO  utility.Base - Homepage | LennoxPROs.com
22:54:26.153 [main] INFO  utility.Base - Inititate chrome browser
22:54:33.856 [main] INFO  utility.Base - Initiated chrome browser
22:54:36.058 [main] INFO  utility.Base - Browser has been maximized
22:54:48.436 [main] INFO  utility.Base - Homepage | LennoxPROs.com
22:57:06.826 [main] INFO  utility.Base - Inititate chrome browser
22:57:14.221 [main] INFO  utility.Base - Initiated chrome browser
22:57:16.415 [main] INFO  utility.Base - Browser has been maximized
22:57:28.543 [main] INFO  utility.Base - Homepage | LennoxPROs.com
22:59:46.823 [main] INFO  utility.Base - Inititate chrome browser
22:59:53.628 [main] INFO  utility.Base - Initiated chrome browser
22:59:55.828 [main] INFO  utility.Base - Browser has been maximized
23:00:06.189 [main] INFO  utility.Base - Homepage | LennoxPROs.com
23:07:28.487 [main] INFO  utility.Base - Inititate chrome browser
23:07:34.938 [main] INFO  utility.Base - Initiated chrome browser
23:07:37.141 [main] INFO  utility.Base - Browser has been maximized
23:07:48.575 [main] INFO  utility.Base - Homepage | LennoxPROs.com
23:26:29.540 [main] INFO  utility.Base - Inititate chrome browser
23:26:38.406 [main] INFO  utility.Base - Initiated chrome browser
23:26:40.842 [main] INFO  utility.Base - Browser has been maximized
23:26:54.024 [main] INFO  utility.Base - Homepage | LennoxPROs.com
23:31:02.541 [main] INFO  utility.Base - Inititate chrome browser
23:31:09.251 [main] INFO  utility.Base - Initiated chrome browser
23:31:11.444 [main] INFO  utility.Base - Browser has been maximized
23:31:21.840 [main] INFO  utility.Base - Homepage | LennoxPROs.com
23:34:59.432 [main] INFO  utility.Base - Inititate chrome browser
23:35:05.961 [main] INFO  utility.Base - Initiated chrome browser
23:35:08.151 [main] INFO  utility.Base - Browser has been maximized
23:35:18.101 [main] INFO  utility.Base - Homepage | LennoxPROs.com
23:40:28.904 [main] INFO  utility.Base - Inititate chrome browser
23:40:36.780 [main] INFO  utility.Base - Initiated chrome browser
23:40:38.980 [main] INFO  utility.Base - Browser has been maximized
23:40:52.765 [main] INFO  utility.Base - Homepage | LennoxPROs.com
23:46:56.843 [main] INFO  utility.Base - Inititate chrome browser
23:47:05.806 [main] INFO  utility.Base - Initiated chrome browser
23:47:07.999 [main] INFO  utility.Base - Browser has been maximized
23:47:21.603 [main] INFO  utility.Base - Homepage | LennoxPROs.com
23:52:24.018 [main] INFO  utility.Base - Inititate chrome browser
23:52:33.621 [main] INFO  utility.Base - Initiated chrome browser
23:52:35.818 [main] INFO  utility.Base - Browser has been maximized
23:52:51.932 [main] INFO  utility.Base - Homepage | LennoxPROs.com
23:55:39.482 [main] INFO  utility.Base - Inititate chrome browser
23:55:46.905 [main] INFO  utility.Base - Initiated chrome browser
23:55:49.074 [main] INFO  utility.Base - Browser has been maximized
23:56:00.565 [main] INFO  utility.Base - Homepage | LennoxPROs.com
00:05:23.481 [main] INFO  utility.Base - Inititate chrome browser
00:05:30.306 [main] INFO  utility.Base - Initiated chrome browser
00:05:32.503 [main] INFO  utility.Base - Browser has been maximized
00:05:47.993 [main] INFO  utility.Base - Homepage | LennoxPROs.com
00:08:05.323 [main] INFO  utility.Base - Inititate chrome browser
00:08:12.335 [main] INFO  utility.Base - Initiated chrome browser
00:08:14.517 [main] INFO  utility.Base - Browser has been maximized
00:08:26.978 [main] INFO  utility.Base - Homepage | LennoxPROs.com
00:11:09.538 [main] INFO  utility.Base - Inititate chrome browser
00:11:16.352 [main] INFO  utility.Base - Initiated chrome browser
00:11:18.554 [main] INFO  utility.Base - Browser has been maximized
00:11:29.808 [main] INFO  utility.Base - Homepage | LennoxPROs.com
00:15:51.495 [main] INFO  utility.Base - Inititate chrome browser
00:15:58.311 [main] INFO  utility.Base - Initiated chrome browser
00:16:00.509 [main] INFO  utility.Base - Browser has been maximized
00:16:16.557 [main] INFO  utility.Base - Homepage | LennoxPROs.com
00:18:49.468 [main] INFO  utility.Base - Inititate chrome browser
00:18:56.327 [main] INFO  utility.Base - Initiated chrome browser
00:18:58.524 [main] INFO  utility.Base - Browser has been maximized
00:19:09.625 [main] INFO  utility.Base - Homepage | LennoxPROs.com
00:22:39.689 [main] INFO  utility.Base - Inititate chrome browser
00:22:46.820 [main] INFO  utility.Base - Initiated chrome browser
00:22:49.030 [main] INFO  utility.Base - Browser has been maximized
00:23:00.286 [main] INFO  utility.Base - Homepage | LennoxPROs.com
00:27:37.337 [main] INFO  utility.Base - Inititate chrome browser
00:27:45.035 [main] INFO  utility.Base - Initiated chrome browser
00:27:47.216 [main] INFO  utility.Base - Browser has been maximized
00:27:58.318 [main] INFO  utility.Base - Homepage | LennoxPROs.com
00:30:19.253 [main] INFO  utility.Base - Inititate chrome browser
00:30:27.449 [main] INFO  utility.Base - Initiated chrome browser
00:30:29.721 [main] INFO  utility.Base - Browser has been maximized
00:30:40.549 [main] INFO  utility.Base - Homepage | LennoxPROs.com
00:32:54.752 [main] INFO  utility.Base - Inititate chrome browser
00:33:02.459 [main] INFO  utility.Base - Initiated chrome browser
00:33:04.635 [main] INFO  utility.Base - Browser has been maximized
00:33:15.799 [main] INFO  utility.Base - Homepage | LennoxPROs.com
00:39:47.804 [main] INFO  utility.Base - Inititate chrome browser
00:39:54.296 [main] INFO  utility.Base - Initiated chrome browser
00:39:56.502 [main] INFO  utility.Base - Browser has been maximized
00:40:08.803 [main] INFO  utility.Base - Homepage | LennoxPROs.com
00:46:57.897 [main] INFO  utility.Base - Inititate chrome browser
00:47:07.060 [main] INFO  utility.Base - Initiated chrome browser
00:47:10.321 [main] INFO  utility.Base - Browser has been maximized
00:47:21.820 [main] INFO  utility.Base - Homepage | LennoxPROs.com
00:49:07.704 [main] INFO  utility.Base - Inititate chrome browser
00:49:14.693 [main] INFO  utility.Base - Initiated chrome browser
00:49:16.893 [main] INFO  utility.Base - Browser has been maximized
00:49:31.813 [main] INFO  utility.Base - Homepage | LennoxPROs.com
00:54:16.721 [main] INFO  utility.Base - Inititate chrome browser
00:54:24.546 [main] INFO  utility.Base - Initiated chrome browser
00:54:26.740 [main] INFO  utility.Base - Browser has been maximized
00:54:39.350 [main] INFO  utility.Base - Homepage | LennoxPROs.com
00:58:27.685 [main] INFO  utility.Base - Inititate chrome browser
00:58:34.960 [main] INFO  utility.Base - Initiated chrome browser
00:58:37.157 [main] INFO  utility.Base - Browser has been maximized
00:58:48.956 [main] INFO  utility.Base - Homepage | LennoxPROs.com
01:10:33.983 [main] INFO  utility.Base - Inititate chrome browser
01:10:42.348 [main] INFO  utility.Base - Initiated chrome browser
01:10:44.581 [main] INFO  utility.Base - Browser has been maximized
01:10:56.043 [main] INFO  utility.Base - Homepage | LennoxPROs.com
01:15:00.818 [main] INFO  utility.Base - Inititate chrome browser
01:15:07.353 [main] INFO  utility.Base - Initiated chrome browser
01:15:09.541 [main] INFO  utility.Base - Browser has been maximized
01:15:20.083 [main] INFO  utility.Base - Homepage | LennoxPROs.com
01:28:40.887 [main] INFO  utility.Base - Inititate chrome browser
01:28:48.014 [main] INFO  utility.Base - Initiated chrome browser
01:28:50.202 [main] INFO  utility.Base - Browser has been maximized
01:29:02.897 [main] INFO  utility.Base - Homepage | LennoxPROs.com
01:36:12.853 [main] INFO  utility.Base - Inititate chrome browser
01:36:19.177 [main] INFO  utility.Base - Initiated chrome browser
01:36:21.346 [main] INFO  utility.Base - Browser has been maximized
01:36:32.164 [main] INFO  utility.Base - Homepage | LennoxPROs.com
01:50:56.087 [main] INFO  utility.Base - Inititate chrome browser
01:51:04.059 [main] INFO  utility.Base - Initiated chrome browser
01:51:06.240 [main] INFO  utility.Base - Browser has been maximized
01:51:18.695 [main] INFO  utility.Base - Homepage | LennoxPROs.com
01:57:07.320 [main] INFO  utility.Base - Inititate chrome browser
01:57:16.585 [main] INFO  utility.Base - Initiated chrome browser
01:57:18.795 [main] INFO  utility.Base - Browser has been maximized
01:57:30.789 [main] INFO  utility.Base - Homepage | LennoxPROs.com
02:21:53.443 [main] INFO  utility.Base - Inititate chrome browser
02:22:08.114 [main] INFO  utility.Base - Initiated chrome browser
02:22:10.371 [main] INFO  utility.Base - Browser has been maximized
02:22:22.982 [main] INFO  utility.Base - Homepage | LennoxPROs.com
02:50:40.602 [main] INFO  utility.Base - Inititate chrome browser
02:50:48.513 [main] INFO  utility.Base - Initiated chrome browser
02:50:50.979 [main] INFO  utility.Base - Browser has been maximized
02:51:03.992 [main] INFO  utility.Base - Homepage | LennoxPROs.com
03:04:43.001 [main] INFO  utility.Base - Inititate chrome browser
03:04:51.083 [main] INFO  utility.Base - Initiated chrome browser
03:04:53.866 [main] INFO  utility.Base - Browser has been maximized
03:05:07.664 [main] INFO  utility.Base - Homepage | LennoxPROs.com
03:26:18.102 [main] INFO  utility.Base - Inititate chrome browser
03:26:26.354 [main] INFO  utility.Base - Initiated chrome browser
03:26:28.597 [main] INFO  utility.Base - Browser has been maximized
03:26:43.219 [main] INFO  utility.Base - Homepage | LennoxPROs.com
03:31:16.790 [main] INFO  utility.Base - Inititate chrome browser
03:31:25.237 [main] INFO  utility.Base - Initiated chrome browser
03:31:27.547 [main] INFO  utility.Base - Browser has been maximized
03:31:39.563 [main] INFO  utility.Base - Homepage | LennoxPROs.com
03:37:35.711 [main] INFO  utility.Base - Inititate chrome browser
03:37:43.656 [main] INFO  utility.Base - Initiated chrome browser
03:37:45.954 [main] INFO  utility.Base - Browser has been maximized
03:37:58.130 [main] INFO  utility.Base - Homepage | LennoxPROs.com
08:42:45.369 [main] INFO  utility.Base - Inititate chrome browser
08:43:19.007 [main] INFO  utility.Base - Initiated chrome browser
08:43:21.837 [main] INFO  utility.Base - Browser has been maximized
08:43:43.016 [main] INFO  utility.Base - Homepage | LennoxPROs.com
08:54:27.092 [main] INFO  utility.Base - Inititate chrome browser
08:54:37.144 [main] INFO  utility.Base - Initiated chrome browser
08:54:39.705 [main] INFO  utility.Base - Browser has been maximized
08:54:52.892 [main] INFO  utility.Base - Homepage | LennoxPROs.com
09:03:03.536 [main] INFO  utility.Base - Inititate chrome browser
09:03:10.348 [main] INFO  utility.Base - Initiated chrome browser
09:03:12.517 [main] INFO  utility.Base - Browser has been maximized
09:03:24.655 [main] INFO  utility.Base - Homepage | LennoxPROs.com
09:15:36.745 [main] INFO  utility.Base - Inititate chrome browser
09:15:45.576 [main] INFO  utility.Base - Initiated chrome browser
09:15:47.789 [main] INFO  utility.Base - Browser has been maximized
09:16:00.835 [main] INFO  utility.Base - Homepage | LennoxPROs.com
09:21:23.870 [main] INFO  utility.Base - Inititate chrome browser
09:21:31.717 [main] INFO  utility.Base - Initiated chrome browser
09:21:34.162 [main] INFO  utility.Base - Browser has been maximized
09:21:48.387 [main] INFO  utility.Base - Homepage | LennoxPROs.com
09:54:07.680 [main] INFO  utility.Base - Inititate chrome browser
09:54:19.100 [main] INFO  utility.Base - Initiated chrome browser
09:54:21.671 [main] INFO  utility.Base - Browser has been maximized
09:54:35.639 [main] INFO  utility.Base - Homepage | LennoxPROs.com
10:06:32.529 [main] INFO  utility.Base - Inititate chrome browser
10:06:47.518 [main] INFO  utility.Base - Initiated chrome browser
10:06:49.869 [main] INFO  utility.Base - Browser has been maximized
10:08:21.690 [main] INFO  utility.Base - Inititate chrome browser
10:08:29.056 [main] INFO  utility.Base - Initiated chrome browser
10:08:31.323 [main] INFO  utility.Base - Browser has been maximized
10:19:42.522 [main] INFO  utility.Base - Inititate chrome browser
10:19:58.454 [main] INFO  utility.Base - Initiated chrome browser
10:20:00.821 [main] INFO  utility.Base - Browser has been maximized
10:20:20.963 [main] INFO  utility.Base - Homepage | LennoxPROs.com
10:22:49.245 [main] INFO  utility.Base - Inititate chrome browser
10:22:57.346 [main] INFO  utility.Base - Initiated chrome browser
10:22:59.547 [main] INFO  utility.Base - Browser has been maximized
10:23:18.916 [main] INFO  utility.Base - Homepage | LennoxPROs.com
10:25:51.489 [main] INFO  utility.Base - Inititate chrome browser
10:25:59.183 [main] INFO  utility.Base - Initiated chrome browser
10:26:01.380 [main] INFO  utility.Base - Browser has been maximized
10:26:21.732 [main] INFO  utility.Base - Homepage | LennoxPROs.com
10:30:22.602 [main] INFO  utility.Base - Inititate chrome browser
10:30:30.245 [main] INFO  utility.Base - Initiated chrome browser
10:30:32.472 [main] INFO  utility.Base - Browser has been maximized
10:30:49.502 [main] INFO  utility.Base - Homepage | LennoxPROs.com
10:40:01.246 [main] INFO  utility.Base - Inititate chrome browser
10:40:07.709 [main] INFO  utility.Base - Initiated chrome browser
10:40:09.914 [main] INFO  utility.Base - Browser has been maximized
10:40:21.745 [main] INFO  utility.Base - Homepage | LennoxPROs.com
10:43:51.044 [main] INFO  utility.Base - Inititate chrome browser
10:43:58.311 [main] INFO  utility.Base - Initiated chrome browser
10:44:00.504 [main] INFO  utility.Base - Browser has been maximized
10:44:17.680 [main] INFO  utility.Base - Homepage | LennoxPROs.com
10:50:16.950 [main] INFO  utility.Base - Inititate chrome browser
10:50:24.401 [main] INFO  utility.Base - Initiated chrome browser
10:50:26.612 [main] INFO  utility.Base - Browser has been maximized
10:50:41.726 [main] INFO  utility.Base - Homepage | LennoxPROs.com
11:37:24.369 [main] INFO  utility.Base - Inititate chrome browser
11:37:38.863 [main] INFO  utility.Base - Initiated chrome browser
11:37:41.074 [main] INFO  utility.Base - Browser has been maximized
11:37:57.157 [main] INFO  utility.Base - Homepage | LennoxPROs.com
11:47:58.644 [main] INFO  utility.Base - Inititate chrome browser
11:48:07.041 [main] INFO  utility.Base - Initiated chrome browser
11:48:09.244 [main] INFO  utility.Base - Browser has been maximized
11:48:22.815 [main] INFO  utility.Base - Homepage | LennoxPROs.com
12:10:03.369 [main] INFO  utility.Base - Inititate chrome browser
12:10:15.481 [main] INFO  utility.Base - Initiated chrome browser
12:10:17.765 [main] INFO  utility.Base - Browser has been maximized
12:10:31.039 [main] INFO  utility.Base - Homepage | LennoxPROs.com
12:14:57.818 [main] INFO  utility.Base - Inititate chrome browser
12:15:04.569 [main] INFO  utility.Base - Initiated chrome browser
12:15:06.767 [main] INFO  utility.Base - Browser has been maximized
12:15:18.146 [main] INFO  utility.Base - Homepage | LennoxPROs.com
13:07:52.566 [main] INFO  utility.Base - Inititate chrome browser
13:08:05.904 [main] INFO  utility.Base - Initiated chrome browser
13:08:08.310 [main] INFO  utility.Base - Browser has been maximized
13:08:23.493 [main] INFO  utility.Base - Homepage | LennoxPROs.com
13:10:37.353 [main] INFO  utility.Base - Inititate chrome browser
13:10:47.089 [main] INFO  utility.Base - Initiated chrome browser
13:10:49.286 [main] INFO  utility.Base - Browser has been maximized
13:11:01.786 [main] INFO  utility.Base - Homepage | LennoxPROs.com
13:14:19.524 [main] INFO  utility.Base - Inititate chrome browser
13:14:26.170 [main] INFO  utility.Base - Initiated chrome browser
13:14:28.355 [main] INFO  utility.Base - Browser has been maximized
13:14:42.457 [main] INFO  utility.Base - Homepage | LennoxPROs.com
13:17:45.806 [main] INFO  utility.Base - Inititate chrome browser
13:17:52.899 [main] INFO  utility.Base - Initiated chrome browser
13:17:55.098 [main] INFO  utility.Base - Browser has been maximized
13:18:07.103 [main] INFO  utility.Base - Homepage | LennoxPROs.com
13:24:37.112 [main] INFO  utility.Base - Inititate chrome browser
13:24:45.987 [main] INFO  utility.Base - Initiated chrome browser
13:24:48.170 [main] INFO  utility.Base - Browser has been maximized
13:24:59.698 [main] INFO  utility.Base - Homepage | LennoxPROs.com
13:27:06.544 [main] INFO  utility.Base - Inititate chrome browser
13:27:13.746 [main] INFO  utility.Base - Initiated chrome browser
13:27:15.931 [main] INFO  utility.Base - Browser has been maximized
13:27:28.425 [main] INFO  utility.Base - Homepage | LennoxPROs.com
13:31:11.307 [main] INFO  utility.Base - Inititate chrome browser
13:31:18.319 [main] INFO  utility.Base - Initiated chrome browser
13:31:20.493 [main] INFO  utility.Base - Browser has been maximized
13:31:32.254 [main] INFO  utility.Base - Homepage | LennoxPROs.com
13:33:52.688 [main] INFO  utility.Base - Inititate chrome browser
13:33:59.255 [main] INFO  utility.Base - Initiated chrome browser
13:34:01.469 [main] INFO  utility.Base - Browser has been maximized
13:34:14.140 [main] INFO  utility.Base - Homepage | LennoxPROs.com
13:37:10.956 [main] INFO  utility.Base - Inititate chrome browser
13:37:17.609 [main] INFO  utility.Base - Initiated chrome browser
13:37:19.811 [main] INFO  utility.Base - Browser has been maximized
13:37:31.167 [main] INFO  utility.Base - Homepage | LennoxPROs.com
15:26:08.511 [main] INFO  utility.Base - Inititate chrome browser
15:26:23.074 [main] INFO  utility.Base - Initiated chrome browser
15:26:25.296 [main] INFO  utility.Base - Browser has been maximized
15:26:39.432 [main] INFO  utility.Base - Homepage | LennoxPROs.com
15:33:23.604 [main] INFO  utility.Base - Inititate chrome browser
15:33:35.239 [main] INFO  utility.Base - Initiated chrome browser
15:33:37.714 [main] INFO  utility.Base - Browser has been maximized
15:33:51.150 [main] INFO  utility.Base - Homepage | LennoxPROs.com
15:40:02.042 [main] INFO  utility.Base - Inititate chrome browser
15:40:11.039 [main] INFO  utility.Base - Initiated chrome browser
15:40:13.218 [main] INFO  utility.Base - Browser has been maximized
15:40:28.407 [main] INFO  utility.Base - Homepage | LennoxPROs.com
15:43:13.935 [main] INFO  utility.Base - Inititate chrome browser
15:47:12.818 [main] INFO  utility.Base - Inititate chrome browser
15:47:59.497 [main] INFO  utility.Base - Inititate chrome browser
15:48:05.613 [main] INFO  utility.Base - Initiated chrome browser
15:48:08.336 [main] INFO  utility.Base - Browser has been maximized
15:48:23.372 [main] INFO  utility.Base - Homepage | LennoxPROs.com
15:49:57.463 [main] INFO  utility.Base - Inititate chrome browser
15:53:04.363 [main] INFO  utility.Base - Inititate chrome browser
15:53:10.694 [main] INFO  utility.Base - Initiated chrome browser
15:53:16.514 [main] INFO  utility.Base - Browser has been maximized
15:53:30.922 [main] INFO  utility.Base - Homepage | LennoxPROs.com
15:54:50.168 [main] INFO  utility.Base - Inititate chrome browser
15:55:00.723 [main] INFO  utility.Base - Initiated chrome browser
15:55:02.897 [main] INFO  utility.Base - Browser has been maximized
